<?xml version="1.0" encoding="UTF-8"?>
<!-- Generated by org.testng.reporters.JUnitXMLReporter -->
<testsuite ignored="0" hostname="DESKTOP-JB98JG1" failures="10" tests="10" name="ArithmeticOperations" time="0.121" errors="0" timestamp="2021-04-23T13:10:42 PDT">
  <testcase classname="ArithmeticOperations.Assignment3.ArithmeticOperationTest" name="TestDivision" time="0.006">
    <failure type="java.lang.Error" message="Unresolved compilation problem: 
	The method Division(int, int) is undefined for the type FunctionalClass
">
      <![CDATA[java.lang.Error: Unresolved compilation problem: 
The method Division(int, int) is undefined for the type FunctionalClass

at ArithmeticOperations.Assignment3.ArithmeticOperationTest.TestDivision(ArithmeticOperationTest.java:168)
at java.base/java.util.ArrayList.forEach(ArrayList.java:1511)
... Removed 27 stack frames]]>
    </failure>
  </testcase> <!-- TestDivision -->
  <testcase classname="ArithmeticOperations.Assignment3.ArithmeticOperationTest" name="TestAddtion" time="0.001">
    <failure type="java.lang.Error" message="Unresolved compilation problem: 
	The method Addition(int, int) is undefined for the type FunctionalClass
">
      <![CDATA[java.lang.Error: Unresolved compilation problem: 
The method Addition(int, int) is undefined for the type FunctionalClass

at ArithmeticOperations.Assignment3.ArithmeticOperationTest.TestAddtion(ArithmeticOperationTest.java:56)
at java.base/java.util.ArrayList.forEach(ArrayList.java:1511)
... Removed 27 stack frames]]>
    </failure>
  </testcase> <!-- TestAddtion -->
  <testcase classname="ArithmeticOperations.Assignment3.ArithmeticOperationTest" name="TestAddtion" time="0.002">
    <failure type="java.lang.Error" message="Unresolved compilation problem: 
	The method Addition(int, int) is undefined for the type FunctionalClass
">
      <![CDATA[java.lang.Error: Unresolved compilation problem: 
The method Addition(int, int) is undefined for the type FunctionalClass

at ArithmeticOperations.Assignment3.ArithmeticOperationTest.TestAddtion(ArithmeticOperationTest.java:56)
at java.base/java.util.ArrayList.forEach(ArrayList.java:1511)
... Removed 27 stack frames]]>
    </failure>
  </testcase> <!-- TestAddtion -->
  <testcase classname="ArithmeticOperations.Assignment3.ArithmeticOperationTest" name="TestAddtion" time="0.002">
    <failure type="java.lang.Error" message="Unresolved compilation problem: 
	The method Addition(int, int) is undefined for the type FunctionalClass
">
      <![CDATA[java.lang.Error: Unresolved compilation problem: 
The method Addition(int, int) is undefined for the type FunctionalClass

at ArithmeticOperations.Assignment3.ArithmeticOperationTest.TestAddtion(ArithmeticOperationTest.java:56)
at java.base/java.util.ArrayList.forEach(ArrayList.java:1511)
... Removed 27 stack frames]]>
    </failure>
  </testcase> <!-- TestAddtion -->
  <testcase classname="ArithmeticOperations.Assignment3.ArithmeticOperationTest" name="TestMultiplicationWithPositiveNumbers" time="0.002">
    <failure type="java.lang.Error" message="Unresolved compilation problem: 
	The method Multiplication(int, int) is undefined for the type FunctionalClass
">
      <![CDATA[java.lang.Error: Unresolved compilation problem: 
The method Multiplication(int, int) is undefined for the type FunctionalClass

at ArithmeticOperations.Assignment3.ArithmeticOperationTest.TestMultiplicationWithPositiveNumbers(ArithmeticOperationTest.java:132)
at java.base/java.util.ArrayList.forEach(ArrayList.java:1511)
... Removed 27 stack frames]]>
    </failure>
  </testcase> <!-- TestMultiplicationWithPositiveNumbers -->
  <testcase classname="ArithmeticOperations.Assignment3.ArithmeticOperationTest" name="TestMultiplicationWithPositiveNumbers" time="0.002">
    <failure type="java.lang.Error" message="Unresolved compilation problem: 
	The method Multiplication(int, int) is undefined for the type FunctionalClass
">
      <![CDATA[java.lang.Error: Unresolved compilation problem: 
The method Multiplication(int, int) is undefined for the type FunctionalClass

at ArithmeticOperations.Assignment3.ArithmeticOperationTest.TestMultiplicationWithPositiveNumbers(ArithmeticOperationTest.java:132)
at java.base/java.util.ArrayList.forEach(ArrayList.java:1511)
... Removed 27 stack frames]]>
    </failure>
  </testcase> <!-- TestMultiplicationWithPositiveNumbers -->
  <testcase classname="ArithmeticOperations.Assignment3.ArithmeticOperationTest" name="TestMultiplicationWithPositiveNumbers" time="0.002">
    <failure type="java.lang.Error" message="Unresolved compilation problem: 
	The method Multiplication(int, int) is undefined for the type FunctionalClass
">
      <![CDATA[java.lang.Error: Unresolved compilation problem: 
The method Multiplication(int, int) is undefined for the type FunctionalClass

at ArithmeticOperations.Assignment3.ArithmeticOperationTest.TestMultiplicationWithPositiveNumbers(ArithmeticOperationTest.java:132)
at java.base/java.util.ArrayList.forEach(ArrayList.java:1511)
... Removed 27 stack frames]]>
    </failure>
  </testcase> <!-- TestMultiplicationWithPositiveNumbers -->
  <testcase classname="ArithmeticOperations.Assignment3.ArithmeticOperationTest" name="TestSubtraction" time="0.004">
    <failure type="java.lang.Error" message="Unresolved compilation problem: 
	The method Subtraction(int, int) is undefined for the type FunctionalClass
">
      <![CDATA[java.lang.Error: Unresolved compilation problem: 
The method Subtraction(int, int) is undefined for the type FunctionalClass

at ArithmeticOperations.Assignment3.ArithmeticOperationTest.TestSubtraction(ArithmeticOperationTest.java:94)
at java.base/java.util.ArrayList.forEach(ArrayList.java:1511)
... Removed 27 stack frames]]>
    </failure>
  </testcase> <!-- TestSubtraction -->
  <testcase classname="ArithmeticOperations.Assignment3.ArithmeticOperationTest" name="TestSubtraction" time="0.003">
    <failure type="java.lang.Error" message="Unresolved compilation problem: 
	The method Subtraction(int, int) is undefined for the type FunctionalClass
">
      <![CDATA[java.lang.Error: Unresolved compilation problem: 
The method Subtraction(int, int) is undefined for the type FunctionalClass

at ArithmeticOperations.Assignment3.ArithmeticOperationTest.TestSubtraction(ArithmeticOperationTest.java:94)
at java.base/java.util.ArrayList.forEach(ArrayList.java:1511)
... Removed 27 stack frames]]>
    </failure>
  </testcase> <!-- TestSubtraction -->
  <testcase classname="ArithmeticOperations.Assignment3.ArithmeticOperationTest" name="TestSubtraction" time="0.002">
    <failure type="java.lang.Error" message="Unresolved compilation problem: 
	The method Subtraction(int, int) is undefined for the type FunctionalClass
">
      <![CDATA[java.lang.Error: Unresolved compilation problem: 
The method Subtraction(int, int) is undefined for the type FunctionalClass

at ArithmeticOperations.Assignment3.ArithmeticOperationTest.TestSubtraction(ArithmeticOperationTest.java:94)
at java.base/java.util.ArrayList.forEach(ArrayList.java:1511)
... Removed 27 stack frames]]>
    </failure>
  </testcase> <!-- TestSubtraction -->
</testsuite> <!-- ArithmeticOperations -->
